<?xml version="1.0" encoding="UTF-8"?>
<!-- Generated by org.testng.reporters.JUnitReportReporter -->
<testsuite hostname="DESKTOP-IDE5K48" failures="0" tests="1" name="com.demo.test.SerializeTest" time="4.570" errors="0" timestamp="2021-05-11T20:29:27 IST" skipped="0">
  <testcase classname="com.demo.test.SerializeTest" name="serializeTest" time="4.570"/>
  <system-out/>
</testsuite> <!-- com.demo.test.SerializeTest -->
