<?xml version="1.0" encoding="UTF-8"?>
<!-- Generated by org.testng.reporters.JUnitReportReporter -->
<testsuite hostname="DESKTOP-IDE5K48" failures="0" tests="1" name="com.demo.test.SpecBuilderTest" time="6.915" errors="0" timestamp="2021-05-12T08:49:16 IST" skipped="0">
  <testcase classname="com.demo.test.SpecBuilderTest" name="serializeTest" time="6.915"/>
  <system-out/>
</testsuite> <!-- com.demo.test.SpecBuilderTest -->
