<?xml version="1.0" encoding="UTF-8"?>
<!-- Generated by org.testng.reporters.JUnitReportReporter -->
<testsuite hostname="DESKTOP-IDE5K48" failures="0" tests="1" name="com.demo.test.OAuthValidation" time="7.401" errors="0" timestamp="2021-05-11T10:06:49 IST" skipped="0">
  <testcase classname="com.demo.test.OAuthValidation" name="getAccessToken" time="7.401"/>
  <system-out/>
</testsuite> <!-- com.demo.test.OAuthValidation -->
