<?xml version="1.0" encoding="UTF-8"?>
<!-- Generated by org.testng.reporters.JUnitReportReporter -->
<testsuite hostname="DESKTOP-IDE5K48" failures="0" tests="1" name="OAuthValidation" time="12.052" errors="0" timestamp="2021-05-08T12:46:35 IST" skipped="0">
  <testcase classname="OAuthValidation" name="getAccessToken" time="12.052"/>
  <system-out/>
</testsuite> <!-- OAuthValidation -->
